{
  "RSpec": {
    "coverage": {
      "/Users/jgrazulis/turing/3module/projects/rails-engine/app/mailers/application_mailer.rb": {
        "lines": [
          0,
          0,
          0,
          0
        ],
        "branches": {
        }
      },
      "/Users/jgrazulis/turing/3module/projects/rails-engine/app/models/invoice.rb": {
        "lines": [
          0,
          0,
          0,
          0
        ],
        "branches": {
        }
      },
      "/Users/jgrazulis/turing/3module/projects/rails-engine/app/models/item.rb": {
        "lines": [
          0,
          0,
          null,
          0,
          0,
          0
        ],
        "branches": {
        }
      },
      "/Users/jgrazulis/turing/3module/projects/rails-engine/app/models/customer.rb": {
        "lines": [
          0,
          0,
          0,
          0
        ],
        "branches": {
        }
      },
      "/Users/jgrazulis/turing/3module/projects/rails-engine/app/models/invoice_item.rb": {
        "lines": [
          0,
          0,
          0,
          0
        ],
        "branches": {
        }
      },
      "/Users/jgrazulis/turing/3module/projects/rails-engine/app/models/transaction.rb": {
        "lines": [
          0,
          0,
          0
        ],
        "branches": {
        }
      },
      "/Users/jgrazulis/turing/3module/projects/rails-engine/app/models/application_record.rb": {
        "lines": [
          0,
          0,
          0
        ],
        "branches": {
        }
      },
      "/Users/jgrazulis/turing/3module/projects/rails-engine/app/models/merchant.rb": {
        "lines": [
          0,
          0,
          0,
          0
        ],
        "branches": {
        }
      },
      "/Users/jgrazulis/turing/3module/projects/rails-engine/app/serializers/merchant_serializer.rb": {
        "lines": [
          0,
          0,
          0,
          0,
          null,
          null,
          null,
          null,
          null,
          null,
          null,
          null,
          null,
          null,
          null,
          null,
          null,
          null,
          null,
          null,
          null,
          null,
          null,
          null,
          null,
          null,
          null,
          null,
          null,
          null
        ],
        "branches": {
        }
      },
      "/Users/jgrazulis/turing/3module/projects/rails-engine/app/jobs/application_job.rb": {
        "lines": [
          0,
          0
        ],
        "branches": {
        }
      },
      "/Users/jgrazulis/turing/3module/projects/rails-engine/app/controllers/application_controller.rb": {
        "lines": [
          0,
          0
        ],
        "branches": {
        }
      },
      "/Users/jgrazulis/turing/3module/projects/rails-engine/app/controllers/api/v1/merchants_controller.rb": {
        "lines": [
          0,
          null,
          0,
          0,
          0,
          0
        ],
        "branches": {
        }
      },
      "/Users/jgrazulis/turing/3module/projects/rails-engine/app/channels/application_cable/connection.rb": {
        "lines": [
          0,
          0,
          0,
          0
        ],
        "branches": {
        }
      },
      "/Users/jgrazulis/turing/3module/projects/rails-engine/app/channels/application_cable/channel.rb": {
        "lines": [
          0,
          0,
          0,
          0
        ],
        "branches": {
        }
      }
    },
    "timestamp": 1648662025
  }
}
